2015-11-20 11:11:06 [ main:2036 ] - [ ERROR ] maxIdle is deprecated
2015-11-20 15:14:20 [ Timer-1:1305 ] - [ ERROR ] maxIdle is deprecated
2015-11-20 15:14:22 [ Timer-1:2953 ] - [ ERROR ] Context initialization failed
com.alibaba.dubbo.rpc.RpcException: Fail to start server(url: dubbo://10.8.17.67:20880/com.mydemo.zookeeper.service.UserService?anyhost=true&application=zookeeper-dubbo-service&channel.readonly.sent=true&codec=dubbo&dubbo=2.5.3&heartbeat=60000&interface=com.mydemo.zookeeper.service.UserService&methods=insertUser&pid=16612&serialization=hessian2&side=provider&timestamp=1448003661653) Failed to bind NettyServer on /10.8.17.67:20880, cause: Failed to bind to: /0.0.0.0:20880
	at com.alibaba.dubbo.rpc.protocol.dubbo.DubboProtocol.createServer(DubboProtocol.java:289)
	at com.alibaba.dubbo.rpc.protocol.dubbo.DubboProtocol.openServer(DubboProtocol.java:266)
	at com.alibaba.dubbo.rpc.protocol.dubbo.DubboProtocol.export(DubboProtocol.java:253)
	at com.alibaba.dubbo.rpc.protocol.ProtocolFilterWrapper.export(ProtocolFilterWrapper.java:55)
	at com.alibaba.dubbo.rpc.protocol.ProtocolListenerWrapper.export(ProtocolListenerWrapper.java:56)
	at com.alibaba.dubbo.rpc.Protocol$Adpative.export(Protocol$Adpative.java)
	at com.alibaba.dubbo.registry.integration.RegistryProtocol.doLocalExport(RegistryProtocol.java:153)
	at com.alibaba.dubbo.registry.integration.RegistryProtocol.export(RegistryProtocol.java:107)
	at com.alibaba.dubbo.rpc.protocol.ProtocolFilterWrapper.export(ProtocolFilterWrapper.java:53)
	at com.alibaba.dubbo.rpc.protocol.ProtocolListenerWrapper.export(ProtocolListenerWrapper.java:54)
	at com.alibaba.dubbo.rpc.Protocol$Adpative.export(Protocol$Adpative.java)
	at com.alibaba.dubbo.config.ServiceConfig.doExportUrlsFor1Protocol(ServiceConfig.java:485)
	at com.alibaba.dubbo.config.ServiceConfig.doExportUrls(ServiceConfig.java:281)
	at com.alibaba.dubbo.config.ServiceConfig.doExport(ServiceConfig.java:242)
	at com.alibaba.dubbo.config.ServiceConfig.export(ServiceConfig.java:143)
	at com.alibaba.dubbo.config.spring.ServiceBean.onApplicationEvent(ServiceBean.java:109)
	at org.springframework.context.event.SimpleApplicationEventMulticaster.multicastEvent(SimpleApplicationEventMulticaster.java:98)
	at org.springframework.context.support.AbstractApplicationContext.publishEvent(AbstractApplicationContext.java:333)
	at org.springframework.context.support.AbstractApplicationContext.finishRefresh(AbstractApplicationContext.java:776)
	at org.springframework.context.support.AbstractApplicationContext.refresh(AbstractApplicationContext.java:485)
	at org.springframework.web.context.ContextLoader.configureAndRefreshWebApplicationContext(ContextLoader.java:403)
	at org.springframework.web.context.ContextLoader.initWebApplicationContext(ContextLoader.java:306)
	at org.springframework.web.context.ContextLoaderListener.contextInitialized(ContextLoaderListener.java:106)
	at org.mortbay.jetty.handler.ContextHandler.startContext(ContextHandler.java:549)
	at org.mortbay.jetty.servlet.Context.startContext(Context.java:136)
	at org.mortbay.jetty.webapp.WebAppContext.startContext(WebAppContext.java:1282)
	at org.mortbay.jetty.handler.ContextHandler.doStart(ContextHandler.java:518)
	at org.mortbay.jetty.webapp.WebAppContext.doStart(WebAppContext.java:499)
	at org.mortbay.jetty.plugin.Jetty6PluginWebAppContext.doStart(Jetty6PluginWebAppContext.java:115)
	at org.mortbay.component.AbstractLifeCycle.start(AbstractLifeCycle.java:50)
	at org.mortbay.jetty.plugin.AbstractJettyRunMojo.restartWebApp(AbstractJettyRunMojo.java:458)
	at org.mortbay.jetty.plugin.AbstractJettyRunMojo$1.filesChanged(AbstractJettyRunMojo.java:419)
	at org.mortbay.util.Scanner.reportBulkChanges(Scanner.java:486)
	at org.mortbay.util.Scanner.reportDifferences(Scanner.java:352)
	at org.mortbay.util.Scanner.scan(Scanner.java:280)
	at org.mortbay.util.Scanner$1.run(Scanner.java:232)
	at java.util.TimerThread.mainLoop(Timer.java:512)
	at java.util.TimerThread.run(Timer.java:462)
Caused by: com.alibaba.dubbo.remoting.RemotingException: Failed to bind NettyServer on /10.8.17.67:20880, cause: Failed to bind to: /0.0.0.0:20880
	at com.alibaba.dubbo.remoting.transport.AbstractServer.<init>(AbstractServer.java:72)
	at com.alibaba.dubbo.remoting.transport.netty.NettyServer.<init>(NettyServer.java:63)
	at com.alibaba.dubbo.remoting.transport.netty.NettyTransporter.bind(NettyTransporter.java:33)
	at com.alibaba.dubbo.remoting.Transporter$Adpative.bind(Transporter$Adpative.java)
	at com.alibaba.dubbo.remoting.Transporters.bind(Transporters.java:48)
	at com.alibaba.dubbo.remoting.exchange.support.header.HeaderExchanger.bind(HeaderExchanger.java:41)
	at com.alibaba.dubbo.remoting.exchange.Exchangers.bind(Exchangers.java:63)
	at com.alibaba.dubbo.rpc.protocol.dubbo.DubboProtocol.createServer(DubboProtocol.java:287)
	... 37 more
Caused by: org.jboss.netty.channel.ChannelException: Failed to bind to: /0.0.0.0:20880
	at org.jboss.netty.bootstrap.ServerBootstrap.bind(ServerBootstrap.java:303)
	at com.alibaba.dubbo.remoting.transport.netty.NettyServer.doOpen(NettyServer.java:94)
	at com.alibaba.dubbo.remoting.transport.AbstractServer.<init>(AbstractServer.java:67)
	... 44 more
Caused by: java.net.BindException: Address already in use: bind
	at sun.nio.ch.Net.bind(Native Method)
	at sun.nio.ch.ServerSocketChannelImpl.bind(ServerSocketChannelImpl.java:124)
	at sun.nio.ch.ServerSocketAdaptor.bind(ServerSocketAdaptor.java:59)
	at org.jboss.netty.channel.socket.nio.NioServerSocketPipelineSink.bind(NioServerSocketPipelineSink.java:148)
	at org.jboss.netty.channel.socket.nio.NioServerSocketPipelineSink.handleServerSocket(NioServerSocketPipelineSink.java:100)
	at org.jboss.netty.channel.socket.nio.NioServerSocketPipelineSink.eventSunk(NioServerSocketPipelineSink.java:74)
	at org.jboss.netty.channel.Channels.bind(Channels.java:468)
	at org.jboss.netty.channel.AbstractChannel.bind(AbstractChannel.java:192)
	at org.jboss.netty.bootstrap.ServerBootstrap$Binder.channelOpen(ServerBootstrap.java:348)
	at org.jboss.netty.channel.Channels.fireChannelOpen(Channels.java:176)
	at org.jboss.netty.channel.socket.nio.NioServerSocketChannel.<init>(NioServerSocketChannel.java:85)
	at org.jboss.netty.channel.socket.nio.NioServerSocketChannelFactory.newChannel(NioServerSocketChannelFactory.java:142)
	at org.jboss.netty.channel.socket.nio.NioServerSocketChannelFactory.newChannel(NioServerSocketChannelFactory.java:90)
	at org.jboss.netty.bootstrap.ServerBootstrap.bind(ServerBootstrap.java:282)
	... 46 more
2015-11-20 15:18:59 [ main:1494 ] - [ ERROR ] maxIdle is deprecated
2015-11-20 15:19:11 [ main:13393 ] - [ ERROR ]  [DUBBO] Failed to register dubbo://10.8.17.67:20880/com.mydemo.zookeeper.service.UserService?anyhost=true&application=zookeeper-dubbo-service&dubbo=2.5.3&interface=com.mydemo.zookeeper.service.UserService&methods=insertUser&pid=21312&serialization=hessian2&side=provider&timestamp=1448003940928, waiting for retry, cause: Failed to register dubbo://10.8.17.67:20880/com.mydemo.zookeeper.service.UserService?anyhost=true&application=zookeeper-dubbo-service&dubbo=2.5.3&interface=com.mydemo.zookeeper.service.UserService&methods=insertUser&pid=21312&serialization=hessian2&side=provider&timestamp=1448003940928 to zookeeper zookeeper://192.168.233.129:2181/com.alibaba.dubbo.registry.RegistryService?application=zookeeper-dubbo-service&check=false&dubbo=2.5.3&interface=com.alibaba.dubbo.registry.RegistryService&pid=21312&timestamp=1448003940899, cause: org.apache.zookeeper.KeeperException$NoNodeException: KeeperErrorCode = NoNode for /dubbo/com.mydemo.zookeeper.service.UserService/providers/dubbo%3A%2F%2F10.8.17.67%3A20880%2Fcom.mydemo.zookeeper.service.UserService%3Fanyhost%3Dtrue%26application%3Dzookeeper-dubbo-service%26dubbo%3D2.5.3%26interface%3Dcom.mydemo.zookeeper.service.UserService%26methods%3DinsertUser%26pid%3D21312%26serialization%3Dhessian2%26side%3Dprovider%26timestamp%3D1448003940928, dubbo version: 2.5.3, current host: 127.0.0.1
com.alibaba.dubbo.rpc.RpcException: Failed to register dubbo://10.8.17.67:20880/com.mydemo.zookeeper.service.UserService?anyhost=true&application=zookeeper-dubbo-service&dubbo=2.5.3&interface=com.mydemo.zookeeper.service.UserService&methods=insertUser&pid=21312&serialization=hessian2&side=provider&timestamp=1448003940928 to zookeeper zookeeper://192.168.233.129:2181/com.alibaba.dubbo.registry.RegistryService?application=zookeeper-dubbo-service&check=false&dubbo=2.5.3&interface=com.alibaba.dubbo.registry.RegistryService&pid=21312&timestamp=1448003940899, cause: org.apache.zookeeper.KeeperException$NoNodeException: KeeperErrorCode = NoNode for /dubbo/com.mydemo.zookeeper.service.UserService/providers/dubbo%3A%2F%2F10.8.17.67%3A20880%2Fcom.mydemo.zookeeper.service.UserService%3Fanyhost%3Dtrue%26application%3Dzookeeper-dubbo-service%26dubbo%3D2.5.3%26interface%3Dcom.mydemo.zookeeper.service.UserService%26methods%3DinsertUser%26pid%3D21312%26serialization%3Dhessian2%26side%3Dprovider%26timestamp%3D1448003940928
	at com.alibaba.dubbo.registry.zookeeper.ZookeeperRegistry.doRegister(ZookeeperRegistry.java:102)
	at com.alibaba.dubbo.registry.support.FailbackRegistry.register(FailbackRegistry.java:130)
	at com.alibaba.dubbo.registry.integration.RegistryProtocol.export(RegistryProtocol.java:111)
	at com.alibaba.dubbo.rpc.protocol.ProtocolListenerWrapper.export(ProtocolListenerWrapper.java:54)
	at com.alibaba.dubbo.rpc.protocol.ProtocolFilterWrapper.export(ProtocolFilterWrapper.java:53)
	at com.alibaba.dubbo.rpc.Protocol$Adpative.export(Protocol$Adpative.java)
	at com.alibaba.dubbo.config.ServiceConfig.doExportUrlsFor1Protocol(ServiceConfig.java:485)
	at com.alibaba.dubbo.config.ServiceConfig.doExportUrls(ServiceConfig.java:281)
	at com.alibaba.dubbo.config.ServiceConfig.doExport(ServiceConfig.java:242)
	at com.alibaba.dubbo.config.ServiceConfig.export(ServiceConfig.java:143)
	at com.alibaba.dubbo.config.spring.ServiceBean.onApplicationEvent(ServiceBean.java:109)
	at org.springframework.context.event.SimpleApplicationEventMulticaster.multicastEvent(SimpleApplicationEventMulticaster.java:98)
	at org.springframework.context.support.AbstractApplicationContext.publishEvent(AbstractApplicationContext.java:333)
	at org.springframework.context.support.AbstractApplicationContext.finishRefresh(AbstractApplicationContext.java:776)
	at org.springframework.context.support.AbstractApplicationContext.refresh(AbstractApplicationContext.java:485)
	at org.springframework.web.context.ContextLoader.configureAndRefreshWebApplicationContext(ContextLoader.java:403)
	at org.springframework.web.context.ContextLoader.initWebApplicationContext(ContextLoader.java:306)
	at org.springframework.web.context.ContextLoaderListener.contextInitialized(ContextLoaderListener.java:106)
	at org.mortbay.jetty.handler.ContextHandler.startContext(ContextHandler.java:549)
	at org.mortbay.jetty.servlet.Context.startContext(Context.java:136)
	at org.mortbay.jetty.webapp.WebAppContext.startContext(WebAppContext.java:1282)
	at org.mortbay.jetty.handler.ContextHandler.doStart(ContextHandler.java:518)
	at org.mortbay.jetty.webapp.WebAppContext.doStart(WebAppContext.java:499)
	at org.mortbay.jetty.plugin.Jetty6PluginWebAppContext.doStart(Jetty6PluginWebAppContext.java:115)
	at org.mortbay.component.AbstractLifeCycle.start(AbstractLifeCycle.java:50)
	at org.mortbay.jetty.handler.HandlerCollection.doStart(HandlerCollection.java:152)
	at org.mortbay.jetty.handler.ContextHandlerCollection.doStart(ContextHandlerCollection.java:156)
	at org.mortbay.component.AbstractLifeCycle.start(AbstractLifeCycle.java:50)
	at org.mortbay.jetty.handler.HandlerCollection.doStart(HandlerCollection.java:152)
	at org.mortbay.component.AbstractLifeCycle.start(AbstractLifeCycle.java:50)
	at org.mortbay.jetty.handler.HandlerWrapper.doStart(HandlerWrapper.java:130)
	at org.mortbay.jetty.Server.doStart(Server.java:224)
	at org.mortbay.component.AbstractLifeCycle.start(AbstractLifeCycle.java:50)
	at org.mortbay.jetty.plugin.Jetty6PluginServer.start(Jetty6PluginServer.java:132)
	at org.mortbay.jetty.plugin.AbstractJettyMojo.startJetty(AbstractJettyMojo.java:454)
	at org.mortbay.jetty.plugin.AbstractJettyMojo.execute(AbstractJettyMojo.java:396)
	at org.mortbay.jetty.plugin.AbstractJettyRunMojo.execute(AbstractJettyRunMojo.java:210)
	at org.mortbay.jetty.plugin.Jetty6RunMojo.execute(Jetty6RunMojo.java:184)
	at org.apache.maven.plugin.DefaultBuildPluginManager.executeMojo(DefaultBuildPluginManager.java:101)
	at org.apache.maven.lifecycle.internal.MojoExecutor.execute(MojoExecutor.java:209)
	at org.apache.maven.lifecycle.internal.MojoExecutor.execute(MojoExecutor.java:153)
	at org.apache.maven.lifecycle.internal.MojoExecutor.execute(MojoExecutor.java:145)
	at org.apache.maven.lifecycle.internal.LifecycleModuleBuilder.buildProject(LifecycleModuleBuilder.java:84)
	at org.apache.maven.lifecycle.internal.LifecycleModuleBuilder.buildProject(LifecycleModuleBuilder.java:59)
	at org.apache.maven.lifecycle.internal.LifecycleStarter.singleThreadedBuild(LifecycleStarter.java:183)
	at org.apache.maven.lifecycle.internal.LifecycleStarter.execute(LifecycleStarter.java:161)
	at org.apache.maven.DefaultMaven.doExecute(DefaultMaven.java:320)
	at org.apache.maven.DefaultMaven.execute(DefaultMaven.java:156)
	at org.apache.maven.cli.MavenCli.execute(MavenCli.java:537)
	at org.apache.maven.cli.MavenCli.doMain(MavenCli.java:196)
	at org.apache.maven.cli.MavenCli.main(MavenCli.java:141)
	at sun.reflect.NativeMethodAccessorImpl.invoke0(Native Method)
	at sun.reflect.NativeMethodAccessorImpl.invoke(NativeMethodAccessorImpl.java:39)
	at sun.reflect.DelegatingMethodAccessorImpl.invoke(DelegatingMethodAccessorImpl.java:25)
	at java.lang.reflect.Method.invoke(Method.java:597)
	at org.codehaus.plexus.classworlds.launcher.Launcher.launchEnhanced(Launcher.java:290)
	at org.codehaus.plexus.classworlds.launcher.Launcher.launch(Launcher.java:230)
	at org.codehaus.plexus.classworlds.launcher.Launcher.mainWithExitCode(Launcher.java:409)
	at org.codehaus.plexus.classworlds.launcher.Launcher.main(Launcher.java:352)
Caused by: org.I0Itec.zkclient.exception.ZkNoNodeException: org.apache.zookeeper.KeeperException$NoNodeException: KeeperErrorCode = NoNode for /dubbo/com.mydemo.zookeeper.service.UserService/providers/dubbo%3A%2F%2F10.8.17.67%3A20880%2Fcom.mydemo.zookeeper.service.UserService%3Fanyhost%3Dtrue%26application%3Dzookeeper-dubbo-service%26dubbo%3D2.5.3%26interface%3Dcom.mydemo.zookeeper.service.UserService%26methods%3DinsertUser%26pid%3D21312%26serialization%3Dhessian2%26side%3Dprovider%26timestamp%3D1448003940928
	at org.I0Itec.zkclient.exception.ZkException.create(ZkException.java:47)
	at org.I0Itec.zkclient.ZkClient.retryUntilConnected(ZkClient.java:685)
	at org.I0Itec.zkclient.ZkClient.create(ZkClient.java:304)
	at org.I0Itec.zkclient.ZkClient.createEphemeral(ZkClient.java:279)
	at com.alibaba.dubbo.remoting.zookeeper.zkclient.ZkclientZookeeperClient.createEphemeral(ZkclientZookeeperClient.java:50)
	at com.alibaba.dubbo.remoting.zookeeper.support.AbstractZookeeperClient.create(AbstractZookeeperClient.java:42)
	at com.alibaba.dubbo.registry.zookeeper.ZookeeperRegistry.doRegister(ZookeeperRegistry.java:100)
	... 58 more
Caused by: org.apache.zookeeper.KeeperException$NoNodeException: KeeperErrorCode = NoNode for /dubbo/com.mydemo.zookeeper.service.UserService/providers/dubbo%3A%2F%2F10.8.17.67%3A20880%2Fcom.mydemo.zookeeper.service.UserService%3Fanyhost%3Dtrue%26application%3Dzookeeper-dubbo-service%26dubbo%3D2.5.3%26interface%3Dcom.mydemo.zookeeper.service.UserService%26methods%3DinsertUser%26pid%3D21312%26serialization%3Dhessian2%26side%3Dprovider%26timestamp%3D1448003940928
	at org.apache.zookeeper.KeeperException.create(KeeperException.java:102)
	at org.apache.zookeeper.KeeperException.create(KeeperException.java:42)
	at org.apache.zookeeper.ZooKeeper.create(ZooKeeper.java:637)
	at org.I0Itec.zkclient.ZkConnection.create(ZkConnection.java:87)
	at org.I0Itec.zkclient.ZkClient$1.call(ZkClient.java:308)
	at org.I0Itec.zkclient.ZkClient$1.call(ZkClient.java:304)
	at org.I0Itec.zkclient.ZkClient.retryUntilConnected(ZkClient.java:675)
	... 63 more
2015-11-20 15:52:41 [ Timer-1:962 ] - [ ERROR ] maxIdle is deprecated
2015-11-20 15:52:43 [ Timer-1:2507 ] - [ ERROR ] Context initialization failed
com.alibaba.dubbo.rpc.RpcException: Fail to start server(url: dubbo://10.8.17.67:20880/com.mydemo.zookeeper.service.UserService?anyhost=true&application=zookeeper-dubbo-service&channel.readonly.sent=true&codec=dubbo&dubbo=2.5.3&heartbeat=60000&interface=com.mydemo.zookeeper.service.UserService&methods=insertUser&pid=21312&serialization=hessian2&side=provider&timestamp=1448005962798) Failed to bind NettyServer on /10.8.17.67:20880, cause: Failed to bind to: /0.0.0.0:20880
	at com.alibaba.dubbo.rpc.protocol.dubbo.DubboProtocol.createServer(DubboProtocol.java:289)
	at com.alibaba.dubbo.rpc.protocol.dubbo.DubboProtocol.openServer(DubboProtocol.java:266)
	at com.alibaba.dubbo.rpc.protocol.dubbo.DubboProtocol.export(DubboProtocol.java:253)
	at com.alibaba.dubbo.rpc.protocol.ProtocolFilterWrapper.export(ProtocolFilterWrapper.java:55)
	at com.alibaba.dubbo.rpc.protocol.ProtocolListenerWrapper.export(ProtocolListenerWrapper.java:56)
	at com.alibaba.dubbo.rpc.Protocol$Adpative.export(Protocol$Adpative.java)
	at com.alibaba.dubbo.registry.integration.RegistryProtocol.doLocalExport(RegistryProtocol.java:153)
	at com.alibaba.dubbo.registry.integration.RegistryProtocol.export(RegistryProtocol.java:107)
	at com.alibaba.dubbo.rpc.protocol.ProtocolFilterWrapper.export(ProtocolFilterWrapper.java:53)
	at com.alibaba.dubbo.rpc.protocol.ProtocolListenerWrapper.export(ProtocolListenerWrapper.java:54)
	at com.alibaba.dubbo.rpc.Protocol$Adpative.export(Protocol$Adpative.java)
	at com.alibaba.dubbo.config.ServiceConfig.doExportUrlsFor1Protocol(ServiceConfig.java:485)
	at com.alibaba.dubbo.config.ServiceConfig.doExportUrls(ServiceConfig.java:281)
	at com.alibaba.dubbo.config.ServiceConfig.doExport(ServiceConfig.java:242)
	at com.alibaba.dubbo.config.ServiceConfig.export(ServiceConfig.java:143)
	at com.alibaba.dubbo.config.spring.ServiceBean.onApplicationEvent(ServiceBean.java:109)
	at org.springframework.context.event.SimpleApplicationEventMulticaster.multicastEvent(SimpleApplicationEventMulticaster.java:98)
	at org.springframework.context.support.AbstractApplicationContext.publishEvent(AbstractApplicationContext.java:333)
	at org.springframework.context.support.AbstractApplicationContext.finishRefresh(AbstractApplicationContext.java:776)
	at org.springframework.context.support.AbstractApplicationContext.refresh(AbstractApplicationContext.java:485)
	at org.springframework.web.context.ContextLoader.configureAndRefreshWebApplicationContext(ContextLoader.java:403)
	at org.springframework.web.context.ContextLoader.initWebApplicationContext(ContextLoader.java:306)
	at org.springframework.web.context.ContextLoaderListener.contextInitialized(ContextLoaderListener.java:106)
	at org.mortbay.jetty.handler.ContextHandler.startContext(ContextHandler.java:549)
	at org.mortbay.jetty.servlet.Context.startContext(Context.java:136)
	at org.mortbay.jetty.webapp.WebAppContext.startContext(WebAppContext.java:1282)
	at org.mortbay.jetty.handler.ContextHandler.doStart(ContextHandler.java:518)
	at org.mortbay.jetty.webapp.WebAppContext.doStart(WebAppContext.java:499)
	at org.mortbay.jetty.plugin.Jetty6PluginWebAppContext.doStart(Jetty6PluginWebAppContext.java:115)
	at org.mortbay.component.AbstractLifeCycle.start(AbstractLifeCycle.java:50)
	at org.mortbay.jetty.plugin.AbstractJettyRunMojo.restartWebApp(AbstractJettyRunMojo.java:458)
	at org.mortbay.jetty.plugin.AbstractJettyRunMojo$1.filesChanged(AbstractJettyRunMojo.java:419)
	at org.mortbay.util.Scanner.reportBulkChanges(Scanner.java:486)
	at org.mortbay.util.Scanner.reportDifferences(Scanner.java:352)
	at org.mortbay.util.Scanner.scan(Scanner.java:280)
	at org.mortbay.util.Scanner$1.run(Scanner.java:232)
	at java.util.TimerThread.mainLoop(Timer.java:512)
	at java.util.TimerThread.run(Timer.java:462)
Caused by: com.alibaba.dubbo.remoting.RemotingException: Failed to bind NettyServer on /10.8.17.67:20880, cause: Failed to bind to: /0.0.0.0:20880
	at com.alibaba.dubbo.remoting.transport.AbstractServer.<init>(AbstractServer.java:72)
	at com.alibaba.dubbo.remoting.transport.netty.NettyServer.<init>(NettyServer.java:63)
	at com.alibaba.dubbo.remoting.transport.netty.NettyTransporter.bind(NettyTransporter.java:33)
	at com.alibaba.dubbo.remoting.Transporter$Adpative.bind(Transporter$Adpative.java)
	at com.alibaba.dubbo.remoting.Transporters.bind(Transporters.java:48)
	at com.alibaba.dubbo.remoting.exchange.support.header.HeaderExchanger.bind(HeaderExchanger.java:41)
	at com.alibaba.dubbo.remoting.exchange.Exchangers.bind(Exchangers.java:63)
	at com.alibaba.dubbo.rpc.protocol.dubbo.DubboProtocol.createServer(DubboProtocol.java:287)
	... 37 more
Caused by: org.jboss.netty.channel.ChannelException: Failed to bind to: /0.0.0.0:20880
	at org.jboss.netty.bootstrap.ServerBootstrap.bind(ServerBootstrap.java:303)
	at com.alibaba.dubbo.remoting.transport.netty.NettyServer.doOpen(NettyServer.java:94)
	at com.alibaba.dubbo.remoting.transport.AbstractServer.<init>(AbstractServer.java:67)
	... 44 more
Caused by: java.net.BindException: Address already in use: bind
	at sun.nio.ch.Net.bind(Native Method)
	at sun.nio.ch.ServerSocketChannelImpl.bind(ServerSocketChannelImpl.java:124)
	at sun.nio.ch.ServerSocketAdaptor.bind(ServerSocketAdaptor.java:59)
	at org.jboss.netty.channel.socket.nio.NioServerSocketPipelineSink.bind(NioServerSocketPipelineSink.java:148)
	at org.jboss.netty.channel.socket.nio.NioServerSocketPipelineSink.handleServerSocket(NioServerSocketPipelineSink.java:100)
	at org.jboss.netty.channel.socket.nio.NioServerSocketPipelineSink.eventSunk(NioServerSocketPipelineSink.java:74)
	at org.jboss.netty.channel.Channels.bind(Channels.java:468)
	at org.jboss.netty.channel.AbstractChannel.bind(AbstractChannel.java:192)
	at org.jboss.netty.bootstrap.ServerBootstrap$Binder.channelOpen(ServerBootstrap.java:348)
	at org.jboss.netty.channel.Channels.fireChannelOpen(Channels.java:176)
	at org.jboss.netty.channel.socket.nio.NioServerSocketChannel.<init>(NioServerSocketChannel.java:85)
	at org.jboss.netty.channel.socket.nio.NioServerSocketChannelFactory.newChannel(NioServerSocketChannelFactory.java:142)
	at org.jboss.netty.channel.socket.nio.NioServerSocketChannelFactory.newChannel(NioServerSocketChannelFactory.java:90)
	at org.jboss.netty.bootstrap.ServerBootstrap.bind(ServerBootstrap.java:282)
	... 46 more
2015-11-20 15:58:22 [ main:1380 ] - [ ERROR ] maxIdle is deprecated
2015-11-20 15:59:52 [ main:1267 ] - [ ERROR ] maxIdle is deprecated
2015-11-20 16:00:03 [ main:12493 ] - [ ERROR ]  [DUBBO] Failed to register dubbo://10.8.17.67:20880/com.mydemo.zookeeper.service.UserService?anyhost=true&application=zookeeper-dubbo-service&dubbo=2.5.3&interface=com.mydemo.zookeeper.service.UserService&methods=insertUser&pid=53404&serialization=hessian2&side=provider&timestamp=1448006393876, waiting for retry, cause: Failed to register dubbo://10.8.17.67:20880/com.mydemo.zookeeper.service.UserService?anyhost=true&application=zookeeper-dubbo-service&dubbo=2.5.3&interface=com.mydemo.zookeeper.service.UserService&methods=insertUser&pid=53404&serialization=hessian2&side=provider&timestamp=1448006393876 to zookeeper zookeeper://192.168.233.129:2181/com.alibaba.dubbo.registry.RegistryService?application=zookeeper-dubbo-service&check=false&dubbo=2.5.3&interface=com.alibaba.dubbo.registry.RegistryService&pid=53404&timestamp=1448006393861, cause: org.apache.zookeeper.KeeperException$NoNodeException: KeeperErrorCode = NoNode for /dubbo/com.mydemo.zookeeper.service.UserService/providers/dubbo%3A%2F%2F10.8.17.67%3A20880%2Fcom.mydemo.zookeeper.service.UserService%3Fanyhost%3Dtrue%26application%3Dzookeeper-dubbo-service%26dubbo%3D2.5.3%26interface%3Dcom.mydemo.zookeeper.service.UserService%26methods%3DinsertUser%26pid%3D53404%26serialization%3Dhessian2%26side%3Dprovider%26timestamp%3D1448006393876, dubbo version: 2.5.3, current host: 127.0.0.1
com.alibaba.dubbo.rpc.RpcException: Failed to register dubbo://10.8.17.67:20880/com.mydemo.zookeeper.service.UserService?anyhost=true&application=zookeeper-dubbo-service&dubbo=2.5.3&interface=com.mydemo.zookeeper.service.UserService&methods=insertUser&pid=53404&serialization=hessian2&side=provider&timestamp=1448006393876 to zookeeper zookeeper://192.168.233.129:2181/com.alibaba.dubbo.registry.RegistryService?application=zookeeper-dubbo-service&check=false&dubbo=2.5.3&interface=com.alibaba.dubbo.registry.RegistryService&pid=53404&timestamp=1448006393861, cause: org.apache.zookeeper.KeeperException$NoNodeException: KeeperErrorCode = NoNode for /dubbo/com.mydemo.zookeeper.service.UserService/providers/dubbo%3A%2F%2F10.8.17.67%3A20880%2Fcom.mydemo.zookeeper.service.UserService%3Fanyhost%3Dtrue%26application%3Dzookeeper-dubbo-service%26dubbo%3D2.5.3%26interface%3Dcom.mydemo.zookeeper.service.UserService%26methods%3DinsertUser%26pid%3D53404%26serialization%3Dhessian2%26side%3Dprovider%26timestamp%3D1448006393876
	at com.alibaba.dubbo.registry.zookeeper.ZookeeperRegistry.doRegister(ZookeeperRegistry.java:102)
	at com.alibaba.dubbo.registry.support.FailbackRegistry.register(FailbackRegistry.java:130)
	at com.alibaba.dubbo.registry.integration.RegistryProtocol.export(RegistryProtocol.java:111)
	at com.alibaba.dubbo.rpc.protocol.ProtocolListenerWrapper.export(ProtocolListenerWrapper.java:54)
	at com.alibaba.dubbo.rpc.protocol.ProtocolFilterWrapper.export(ProtocolFilterWrapper.java:53)
	at com.alibaba.dubbo.rpc.Protocol$Adpative.export(Protocol$Adpative.java)
	at com.alibaba.dubbo.config.ServiceConfig.doExportUrlsFor1Protocol(ServiceConfig.java:485)
	at com.alibaba.dubbo.config.ServiceConfig.doExportUrls(ServiceConfig.java:281)
	at com.alibaba.dubbo.config.ServiceConfig.doExport(ServiceConfig.java:242)
	at com.alibaba.dubbo.config.ServiceConfig.export(ServiceConfig.java:143)
	at com.alibaba.dubbo.config.spring.ServiceBean.onApplicationEvent(ServiceBean.java:109)
	at org.springframework.context.event.SimpleApplicationEventMulticaster.multicastEvent(SimpleApplicationEventMulticaster.java:98)
	at org.springframework.context.support.AbstractApplicationContext.publishEvent(AbstractApplicationContext.java:333)
	at org.springframework.context.support.AbstractApplicationContext.finishRefresh(AbstractApplicationContext.java:776)
	at org.springframework.context.support.AbstractApplicationContext.refresh(AbstractApplicationContext.java:485)
	at org.springframework.web.context.ContextLoader.configureAndRefreshWebApplicationContext(ContextLoader.java:403)
	at org.springframework.web.context.ContextLoader.initWebApplicationContext(ContextLoader.java:306)
	at org.springframework.web.context.ContextLoaderListener.contextInitialized(ContextLoaderListener.java:106)
	at org.mortbay.jetty.handler.ContextHandler.startContext(ContextHandler.java:549)
	at org.mortbay.jetty.servlet.Context.startContext(Context.java:136)
	at org.mortbay.jetty.webapp.WebAppContext.startContext(WebAppContext.java:1282)
	at org.mortbay.jetty.handler.ContextHandler.doStart(ContextHandler.java:518)
	at org.mortbay.jetty.webapp.WebAppContext.doStart(WebAppContext.java:499)
	at org.mortbay.jetty.plugin.Jetty6PluginWebAppContext.doStart(Jetty6PluginWebAppContext.java:115)
	at org.mortbay.component.AbstractLifeCycle.start(AbstractLifeCycle.java:50)
	at org.mortbay.jetty.handler.HandlerCollection.doStart(HandlerCollection.java:152)
	at org.mortbay.jetty.handler.ContextHandlerCollection.doStart(ContextHandlerCollection.java:156)
	at org.mortbay.component.AbstractLifeCycle.start(AbstractLifeCycle.java:50)
	at org.mortbay.jetty.handler.HandlerCollection.doStart(HandlerCollection.java:152)
	at org.mortbay.component.AbstractLifeCycle.start(AbstractLifeCycle.java:50)
	at org.mortbay.jetty.handler.HandlerWrapper.doStart(HandlerWrapper.java:130)
	at org.mortbay.jetty.Server.doStart(Server.java:224)
	at org.mortbay.component.AbstractLifeCycle.start(AbstractLifeCycle.java:50)
	at org.mortbay.jetty.plugin.Jetty6PluginServer.start(Jetty6PluginServer.java:132)
	at org.mortbay.jetty.plugin.AbstractJettyMojo.startJetty(AbstractJettyMojo.java:454)
	at org.mortbay.jetty.plugin.AbstractJettyMojo.execute(AbstractJettyMojo.java:396)
	at org.mortbay.jetty.plugin.AbstractJettyRunMojo.execute(AbstractJettyRunMojo.java:210)
	at org.mortbay.jetty.plugin.Jetty6RunMojo.execute(Jetty6RunMojo.java:184)
	at org.apache.maven.plugin.DefaultBuildPluginManager.executeMojo(DefaultBuildPluginManager.java:101)
	at org.apache.maven.lifecycle.internal.MojoExecutor.execute(MojoExecutor.java:209)
	at org.apache.maven.lifecycle.internal.MojoExecutor.execute(MojoExecutor.java:153)
	at org.apache.maven.lifecycle.internal.MojoExecutor.execute(MojoExecutor.java:145)
	at org.apache.maven.lifecycle.internal.LifecycleModuleBuilder.buildProject(LifecycleModuleBuilder.java:84)
	at org.apache.maven.lifecycle.internal.LifecycleModuleBuilder.buildProject(LifecycleModuleBuilder.java:59)
	at org.apache.maven.lifecycle.internal.LifecycleStarter.singleThreadedBuild(LifecycleStarter.java:183)
	at org.apache.maven.lifecycle.internal.LifecycleStarter.execute(LifecycleStarter.java:161)
	at org.apache.maven.DefaultMaven.doExecute(DefaultMaven.java:320)
	at org.apache.maven.DefaultMaven.execute(DefaultMaven.java:156)
	at org.apache.maven.cli.MavenCli.execute(MavenCli.java:537)
	at org.apache.maven.cli.MavenCli.doMain(MavenCli.java:196)
	at org.apache.maven.cli.MavenCli.main(MavenCli.java:141)
	at sun.reflect.NativeMethodAccessorImpl.invoke0(Native Method)
	at sun.reflect.NativeMethodAccessorImpl.invoke(NativeMethodAccessorImpl.java:39)
	at sun.reflect.DelegatingMethodAccessorImpl.invoke(DelegatingMethodAccessorImpl.java:25)
	at java.lang.reflect.Method.invoke(Method.java:597)
	at org.codehaus.plexus.classworlds.launcher.Launcher.launchEnhanced(Launcher.java:290)
	at org.codehaus.plexus.classworlds.launcher.Launcher.launch(Launcher.java:230)
	at org.codehaus.plexus.classworlds.launcher.Launcher.mainWithExitCode(Launcher.java:409)
	at org.codehaus.plexus.classworlds.launcher.Launcher.main(Launcher.java:352)
Caused by: org.I0Itec.zkclient.exception.ZkNoNodeException: org.apache.zookeeper.KeeperException$NoNodeException: KeeperErrorCode = NoNode for /dubbo/com.mydemo.zookeeper.service.UserService/providers/dubbo%3A%2F%2F10.8.17.67%3A20880%2Fcom.mydemo.zookeeper.service.UserService%3Fanyhost%3Dtrue%26application%3Dzookeeper-dubbo-service%26dubbo%3D2.5.3%26interface%3Dcom.mydemo.zookeeper.service.UserService%26methods%3DinsertUser%26pid%3D53404%26serialization%3Dhessian2%26side%3Dprovider%26timestamp%3D1448006393876
	at org.I0Itec.zkclient.exception.ZkException.create(ZkException.java:47)
	at org.I0Itec.zkclient.ZkClient.retryUntilConnected(ZkClient.java:685)
	at org.I0Itec.zkclient.ZkClient.create(ZkClient.java:304)
	at org.I0Itec.zkclient.ZkClient.createEphemeral(ZkClient.java:279)
	at com.alibaba.dubbo.remoting.zookeeper.zkclient.ZkclientZookeeperClient.createEphemeral(ZkclientZookeeperClient.java:50)
	at com.alibaba.dubbo.remoting.zookeeper.support.AbstractZookeeperClient.create(AbstractZookeeperClient.java:42)
	at com.alibaba.dubbo.registry.zookeeper.ZookeeperRegistry.doRegister(ZookeeperRegistry.java:100)
	... 58 more
Caused by: org.apache.zookeeper.KeeperException$NoNodeException: KeeperErrorCode = NoNode for /dubbo/com.mydemo.zookeeper.service.UserService/providers/dubbo%3A%2F%2F10.8.17.67%3A20880%2Fcom.mydemo.zookeeper.service.UserService%3Fanyhost%3Dtrue%26application%3Dzookeeper-dubbo-service%26dubbo%3D2.5.3%26interface%3Dcom.mydemo.zookeeper.service.UserService%26methods%3DinsertUser%26pid%3D53404%26serialization%3Dhessian2%26side%3Dprovider%26timestamp%3D1448006393876
	at org.apache.zookeeper.KeeperException.create(KeeperException.java:102)
	at org.apache.zookeeper.KeeperException.create(KeeperException.java:42)
	at org.apache.zookeeper.ZooKeeper.create(ZooKeeper.java:637)
	at org.I0Itec.zkclient.ZkConnection.create(ZkConnection.java:87)
	at org.I0Itec.zkclient.ZkClient$1.call(ZkClient.java:308)
	at org.I0Itec.zkclient.ZkClient$1.call(ZkClient.java:304)
	at org.I0Itec.zkclient.ZkClient.retryUntilConnected(ZkClient.java:675)
	... 63 more
2015-11-20 16:07:33 [ main:1310 ] - [ ERROR ] maxIdle is deprecated
2015-11-20 16:10:28 [ main:1258 ] - [ ERROR ] maxIdle is deprecated
2015-11-20 16:25:44 [ main:1304 ] - [ ERROR ] maxIdle is deprecated
2015-11-20 16:39:43 [ main:1437 ] - [ ERROR ] maxIdle is deprecated
2015-11-20 16:52:56 [ main:1411 ] - [ ERROR ] maxIdle is deprecated
2015-11-20 17:27:29 [ Timer-1:1068 ] - [ ERROR ] maxIdle is deprecated
2015-11-20 17:27:30 [ Timer-1:2615 ] - [ ERROR ] Context initialization failed
com.alibaba.dubbo.rpc.RpcException: Fail to start server(url: dubbo://10.8.17.67:20880/com.mydemo.zookeeper.service.UserService?anyhost=true&application=zookeeper-dubbo-service&channel.readonly.sent=true&codec=dubbo&dubbo=2.5.3&heartbeat=60000&interface=com.mydemo.zookeeper.service.UserService&methods=insertUser&pid=6652&serialization=hessian2&side=provider&timestamp=1448011650103) Failed to bind NettyServer on /10.8.17.67:20880, cause: Failed to bind to: /0.0.0.0:20880
	at com.alibaba.dubbo.rpc.protocol.dubbo.DubboProtocol.createServer(DubboProtocol.java:289)
	at com.alibaba.dubbo.rpc.protocol.dubbo.DubboProtocol.openServer(DubboProtocol.java:266)
	at com.alibaba.dubbo.rpc.protocol.dubbo.DubboProtocol.export(DubboProtocol.java:253)
	at com.alibaba.dubbo.rpc.protocol.ProtocolListenerWrapper.export(ProtocolListenerWrapper.java:56)
	at com.alibaba.dubbo.rpc.protocol.ProtocolFilterWrapper.export(ProtocolFilterWrapper.java:55)
	at com.alibaba.dubbo.rpc.Protocol$Adpative.export(Protocol$Adpative.java)
	at com.alibaba.dubbo.registry.integration.RegistryProtocol.doLocalExport(RegistryProtocol.java:153)
	at com.alibaba.dubbo.registry.integration.RegistryProtocol.export(RegistryProtocol.java:107)
	at com.alibaba.dubbo.rpc.protocol.ProtocolListenerWrapper.export(ProtocolListenerWrapper.java:54)
	at com.alibaba.dubbo.rpc.protocol.ProtocolFilterWrapper.export(ProtocolFilterWrapper.java:53)
	at com.alibaba.dubbo.rpc.Protocol$Adpative.export(Protocol$Adpative.java)
	at com.alibaba.dubbo.config.ServiceConfig.doExportUrlsFor1Protocol(ServiceConfig.java:485)
	at com.alibaba.dubbo.config.ServiceConfig.doExportUrls(ServiceConfig.java:281)
	at com.alibaba.dubbo.config.ServiceConfig.doExport(ServiceConfig.java:242)
	at com.alibaba.dubbo.config.ServiceConfig.export(ServiceConfig.java:143)
	at com.alibaba.dubbo.config.spring.ServiceBean.onApplicationEvent(ServiceBean.java:109)
	at org.springframework.context.event.SimpleApplicationEventMulticaster.multicastEvent(SimpleApplicationEventMulticaster.java:98)
	at org.springframework.context.support.AbstractApplicationContext.publishEvent(AbstractApplicationContext.java:333)
	at org.springframework.context.support.AbstractApplicationContext.finishRefresh(AbstractApplicationContext.java:776)
	at org.springframework.context.support.AbstractApplicationContext.refresh(AbstractApplicationContext.java:485)
	at org.springframework.web.context.ContextLoader.configureAndRefreshWebApplicationContext(ContextLoader.java:403)
	at org.springframework.web.context.ContextLoader.initWebApplicationContext(ContextLoader.java:306)
	at org.springframework.web.context.ContextLoaderListener.contextInitialized(ContextLoaderListener.java:106)
	at org.mortbay.jetty.handler.ContextHandler.startContext(ContextHandler.java:549)
	at org.mortbay.jetty.servlet.Context.startContext(Context.java:136)
	at org.mortbay.jetty.webapp.WebAppContext.startContext(WebAppContext.java:1282)
	at org.mortbay.jetty.handler.ContextHandler.doStart(ContextHandler.java:518)
	at org.mortbay.jetty.webapp.WebAppContext.doStart(WebAppContext.java:499)
	at org.mortbay.jetty.plugin.Jetty6PluginWebAppContext.doStart(Jetty6PluginWebAppContext.java:115)
	at org.mortbay.component.AbstractLifeCycle.start(AbstractLifeCycle.java:50)
	at org.mortbay.jetty.plugin.AbstractJettyRunMojo.restartWebApp(AbstractJettyRunMojo.java:458)
	at org.mortbay.jetty.plugin.AbstractJettyRunMojo$1.filesChanged(AbstractJettyRunMojo.java:419)
	at org.mortbay.util.Scanner.reportBulkChanges(Scanner.java:486)
	at org.mortbay.util.Scanner.reportDifferences(Scanner.java:352)
	at org.mortbay.util.Scanner.scan(Scanner.java:280)
	at org.mortbay.util.Scanner$1.run(Scanner.java:232)
	at java.util.TimerThread.mainLoop(Timer.java:512)
	at java.util.TimerThread.run(Timer.java:462)
Caused by: com.alibaba.dubbo.remoting.RemotingException: Failed to bind NettyServer on /10.8.17.67:20880, cause: Failed to bind to: /0.0.0.0:20880
	at com.alibaba.dubbo.remoting.transport.AbstractServer.<init>(AbstractServer.java:72)
	at com.alibaba.dubbo.remoting.transport.netty.NettyServer.<init>(NettyServer.java:63)
	at com.alibaba.dubbo.remoting.transport.netty.NettyTransporter.bind(NettyTransporter.java:33)
	at com.alibaba.dubbo.remoting.Transporter$Adpative.bind(Transporter$Adpative.java)
	at com.alibaba.dubbo.remoting.Transporters.bind(Transporters.java:48)
	at com.alibaba.dubbo.remoting.exchange.support.header.HeaderExchanger.bind(HeaderExchanger.java:41)
	at com.alibaba.dubbo.remoting.exchange.Exchangers.bind(Exchangers.java:63)
	at com.alibaba.dubbo.rpc.protocol.dubbo.DubboProtocol.createServer(DubboProtocol.java:287)
	... 37 more
Caused by: org.jboss.netty.channel.ChannelException: Failed to bind to: /0.0.0.0:20880
	at org.jboss.netty.bootstrap.ServerBootstrap.bind(ServerBootstrap.java:303)
	at com.alibaba.dubbo.remoting.transport.netty.NettyServer.doOpen(NettyServer.java:94)
	at com.alibaba.dubbo.remoting.transport.AbstractServer.<init>(AbstractServer.java:67)
	... 44 more
Caused by: java.net.BindException: Address already in use: bind
	at sun.nio.ch.Net.bind(Native Method)
	at sun.nio.ch.ServerSocketChannelImpl.bind(ServerSocketChannelImpl.java:124)
	at sun.nio.ch.ServerSocketAdaptor.bind(ServerSocketAdaptor.java:59)
	at org.jboss.netty.channel.socket.nio.NioServerSocketPipelineSink.bind(NioServerSocketPipelineSink.java:148)
	at org.jboss.netty.channel.socket.nio.NioServerSocketPipelineSink.handleServerSocket(NioServerSocketPipelineSink.java:100)
	at org.jboss.netty.channel.socket.nio.NioServerSocketPipelineSink.eventSunk(NioServerSocketPipelineSink.java:74)
	at org.jboss.netty.channel.Channels.bind(Channels.java:468)
	at org.jboss.netty.channel.AbstractChannel.bind(AbstractChannel.java:192)
	at org.jboss.netty.bootstrap.ServerBootstrap$Binder.channelOpen(ServerBootstrap.java:348)
	at org.jboss.netty.channel.Channels.fireChannelOpen(Channels.java:176)
	at org.jboss.netty.channel.socket.nio.NioServerSocketChannel.<init>(NioServerSocketChannel.java:85)
	at org.jboss.netty.channel.socket.nio.NioServerSocketChannelFactory.newChannel(NioServerSocketChannelFactory.java:142)
	at org.jboss.netty.channel.socket.nio.NioServerSocketChannelFactory.newChannel(NioServerSocketChannelFactory.java:90)
	at org.jboss.netty.bootstrap.ServerBootstrap.bind(ServerBootstrap.java:282)
	... 46 more
2015-11-20 17:53:15 [ main:1422 ] - [ ERROR ] maxIdle is deprecated
2015-11-20 17:53:27 [ main:13326 ] - [ ERROR ]  [DUBBO] Failed to register dubbo://10.8.17.67:20880/com.mydemo.zookeeper.service.SingleZkNodeService?anyhost=true&application=zookeeper-dubbo-service&dubbo=2.5.3&interface=com.mydemo.zookeeper.service.SingleZkNodeService&methods=print&pid=54024&serialization=hessian2&side=provider&timestamp=1448013207624, waiting for retry, cause: Failed to register dubbo://10.8.17.67:20880/com.mydemo.zookeeper.service.SingleZkNodeService?anyhost=true&application=zookeeper-dubbo-service&dubbo=2.5.3&interface=com.mydemo.zookeeper.service.SingleZkNodeService&methods=print&pid=54024&serialization=hessian2&side=provider&timestamp=1448013207624 to zookeeper zookeeper://192.168.233.128:2181/com.alibaba.dubbo.registry.RegistryService?application=zookeeper-dubbo-service&backup=192.168.233.129:2181,192.168.233.130:2181&check=false&dubbo=2.5.3&interface=com.alibaba.dubbo.registry.RegistryService&pid=54024&timestamp=1448013197164, cause: org.apache.zookeeper.KeeperException$NoNodeException: KeeperErrorCode = NoNode for /dubbo/com.mydemo.zookeeper.service.SingleZkNodeService/providers/dubbo%3A%2F%2F10.8.17.67%3A20880%2Fcom.mydemo.zookeeper.service.SingleZkNodeService%3Fanyhost%3Dtrue%26application%3Dzookeeper-dubbo-service%26dubbo%3D2.5.3%26interface%3Dcom.mydemo.zookeeper.service.SingleZkNodeService%26methods%3Dprint%26pid%3D54024%26serialization%3Dhessian2%26side%3Dprovider%26timestamp%3D1448013207624, dubbo version: 2.5.3, current host: 127.0.0.1
com.alibaba.dubbo.rpc.RpcException: Failed to register dubbo://10.8.17.67:20880/com.mydemo.zookeeper.service.SingleZkNodeService?anyhost=true&application=zookeeper-dubbo-service&dubbo=2.5.3&interface=com.mydemo.zookeeper.service.SingleZkNodeService&methods=print&pid=54024&serialization=hessian2&side=provider&timestamp=1448013207624 to zookeeper zookeeper://192.168.233.128:2181/com.alibaba.dubbo.registry.RegistryService?application=zookeeper-dubbo-service&backup=192.168.233.129:2181,192.168.233.130:2181&check=false&dubbo=2.5.3&interface=com.alibaba.dubbo.registry.RegistryService&pid=54024&timestamp=1448013197164, cause: org.apache.zookeeper.KeeperException$NoNodeException: KeeperErrorCode = NoNode for /dubbo/com.mydemo.zookeeper.service.SingleZkNodeService/providers/dubbo%3A%2F%2F10.8.17.67%3A20880%2Fcom.mydemo.zookeeper.service.SingleZkNodeService%3Fanyhost%3Dtrue%26application%3Dzookeeper-dubbo-service%26dubbo%3D2.5.3%26interface%3Dcom.mydemo.zookeeper.service.SingleZkNodeService%26methods%3Dprint%26pid%3D54024%26serialization%3Dhessian2%26side%3Dprovider%26timestamp%3D1448013207624
	at com.alibaba.dubbo.registry.zookeeper.ZookeeperRegistry.doRegister(ZookeeperRegistry.java:102)
	at com.alibaba.dubbo.registry.support.FailbackRegistry.register(FailbackRegistry.java:130)
	at com.alibaba.dubbo.registry.integration.RegistryProtocol.export(RegistryProtocol.java:111)
	at com.alibaba.dubbo.rpc.protocol.ProtocolListenerWrapper.export(ProtocolListenerWrapper.java:54)
	at com.alibaba.dubbo.rpc.protocol.ProtocolFilterWrapper.export(ProtocolFilterWrapper.java:53)
	at com.alibaba.dubbo.rpc.Protocol$Adpative.export(Protocol$Adpative.java)
	at com.alibaba.dubbo.config.ServiceConfig.doExportUrlsFor1Protocol(ServiceConfig.java:485)
	at com.alibaba.dubbo.config.ServiceConfig.doExportUrls(ServiceConfig.java:281)
	at com.alibaba.dubbo.config.ServiceConfig.doExport(ServiceConfig.java:242)
	at com.alibaba.dubbo.config.ServiceConfig.export(ServiceConfig.java:143)
	at com.alibaba.dubbo.config.spring.ServiceBean.onApplicationEvent(ServiceBean.java:109)
	at org.springframework.context.event.SimpleApplicationEventMulticaster.multicastEvent(SimpleApplicationEventMulticaster.java:98)
	at org.springframework.context.support.AbstractApplicationContext.publishEvent(AbstractApplicationContext.java:333)
	at org.springframework.context.support.AbstractApplicationContext.finishRefresh(AbstractApplicationContext.java:776)
	at org.springframework.context.support.AbstractApplicationContext.refresh(AbstractApplicationContext.java:485)
	at org.springframework.web.context.ContextLoader.configureAndRefreshWebApplicationContext(ContextLoader.java:403)
	at org.springframework.web.context.ContextLoader.initWebApplicationContext(ContextLoader.java:306)
	at org.springframework.web.context.ContextLoaderListener.contextInitialized(ContextLoaderListener.java:106)
	at org.mortbay.jetty.handler.ContextHandler.startContext(ContextHandler.java:549)
	at org.mortbay.jetty.servlet.Context.startContext(Context.java:136)
	at org.mortbay.jetty.webapp.WebAppContext.startContext(WebAppContext.java:1282)
	at org.mortbay.jetty.handler.ContextHandler.doStart(ContextHandler.java:518)
	at org.mortbay.jetty.webapp.WebAppContext.doStart(WebAppContext.java:499)
	at org.mortbay.jetty.plugin.Jetty6PluginWebAppContext.doStart(Jetty6PluginWebAppContext.java:115)
	at org.mortbay.component.AbstractLifeCycle.start(AbstractLifeCycle.java:50)
	at org.mortbay.jetty.handler.HandlerCollection.doStart(HandlerCollection.java:152)
	at org.mortbay.jetty.handler.ContextHandlerCollection.doStart(ContextHandlerCollection.java:156)
	at org.mortbay.component.AbstractLifeCycle.start(AbstractLifeCycle.java:50)
	at org.mortbay.jetty.handler.HandlerCollection.doStart(HandlerCollection.java:152)
	at org.mortbay.component.AbstractLifeCycle.start(AbstractLifeCycle.java:50)
	at org.mortbay.jetty.handler.HandlerWrapper.doStart(HandlerWrapper.java:130)
	at org.mortbay.jetty.Server.doStart(Server.java:224)
	at org.mortbay.component.AbstractLifeCycle.start(AbstractLifeCycle.java:50)
	at org.mortbay.jetty.plugin.Jetty6PluginServer.start(Jetty6PluginServer.java:132)
	at org.mortbay.jetty.plugin.AbstractJettyMojo.startJetty(AbstractJettyMojo.java:454)
	at org.mortbay.jetty.plugin.AbstractJettyMojo.execute(AbstractJettyMojo.java:396)
	at org.mortbay.jetty.plugin.AbstractJettyRunMojo.execute(AbstractJettyRunMojo.java:210)
	at org.mortbay.jetty.plugin.Jetty6RunMojo.execute(Jetty6RunMojo.java:184)
	at org.apache.maven.plugin.DefaultBuildPluginManager.executeMojo(DefaultBuildPluginManager.java:101)
	at org.apache.maven.lifecycle.internal.MojoExecutor.execute(MojoExecutor.java:209)
	at org.apache.maven.lifecycle.internal.MojoExecutor.execute(MojoExecutor.java:153)
	at org.apache.maven.lifecycle.internal.MojoExecutor.execute(MojoExecutor.java:145)
	at org.apache.maven.lifecycle.internal.LifecycleModuleBuilder.buildProject(LifecycleModuleBuilder.java:84)
	at org.apache.maven.lifecycle.internal.LifecycleModuleBuilder.buildProject(LifecycleModuleBuilder.java:59)
	at org.apache.maven.lifecycle.internal.LifecycleStarter.singleThreadedBuild(LifecycleStarter.java:183)
	at org.apache.maven.lifecycle.internal.LifecycleStarter.execute(LifecycleStarter.java:161)
	at org.apache.maven.DefaultMaven.doExecute(DefaultMaven.java:320)
	at org.apache.maven.DefaultMaven.execute(DefaultMaven.java:156)
	at org.apache.maven.cli.MavenCli.execute(MavenCli.java:537)
	at org.apache.maven.cli.MavenCli.doMain(MavenCli.java:196)
	at org.apache.maven.cli.MavenCli.main(MavenCli.java:141)
	at sun.reflect.NativeMethodAccessorImpl.invoke0(Native Method)
	at sun.reflect.NativeMethodAccessorImpl.invoke(NativeMethodAccessorImpl.java:39)
	at sun.reflect.DelegatingMethodAccessorImpl.invoke(DelegatingMethodAccessorImpl.java:25)
	at java.lang.reflect.Method.invoke(Method.java:597)
	at org.codehaus.plexus.classworlds.launcher.Launcher.launchEnhanced(Launcher.java:290)
	at org.codehaus.plexus.classworlds.launcher.Launcher.launch(Launcher.java:230)
	at org.codehaus.plexus.classworlds.launcher.Launcher.mainWithExitCode(Launcher.java:409)
	at org.codehaus.plexus.classworlds.launcher.Launcher.main(Launcher.java:352)
Caused by: org.I0Itec.zkclient.exception.ZkNoNodeException: org.apache.zookeeper.KeeperException$NoNodeException: KeeperErrorCode = NoNode for /dubbo/com.mydemo.zookeeper.service.SingleZkNodeService/providers/dubbo%3A%2F%2F10.8.17.67%3A20880%2Fcom.mydemo.zookeeper.service.SingleZkNodeService%3Fanyhost%3Dtrue%26application%3Dzookeeper-dubbo-service%26dubbo%3D2.5.3%26interface%3Dcom.mydemo.zookeeper.service.SingleZkNodeService%26methods%3Dprint%26pid%3D54024%26serialization%3Dhessian2%26side%3Dprovider%26timestamp%3D1448013207624
	at org.I0Itec.zkclient.exception.ZkException.create(ZkException.java:47)
	at org.I0Itec.zkclient.ZkClient.retryUntilConnected(ZkClient.java:685)
	at org.I0Itec.zkclient.ZkClient.create(ZkClient.java:304)
	at org.I0Itec.zkclient.ZkClient.createEphemeral(ZkClient.java:279)
	at com.alibaba.dubbo.remoting.zookeeper.zkclient.ZkclientZookeeperClient.createEphemeral(ZkclientZookeeperClient.java:50)
	at com.alibaba.dubbo.remoting.zookeeper.support.AbstractZookeeperClient.create(AbstractZookeeperClient.java:42)
	at com.alibaba.dubbo.registry.zookeeper.ZookeeperRegistry.doRegister(ZookeeperRegistry.java:100)
	... 58 more
Caused by: org.apache.zookeeper.KeeperException$NoNodeException: KeeperErrorCode = NoNode for /dubbo/com.mydemo.zookeeper.service.SingleZkNodeService/providers/dubbo%3A%2F%2F10.8.17.67%3A20880%2Fcom.mydemo.zookeeper.service.SingleZkNodeService%3Fanyhost%3Dtrue%26application%3Dzookeeper-dubbo-service%26dubbo%3D2.5.3%26interface%3Dcom.mydemo.zookeeper.service.SingleZkNodeService%26methods%3Dprint%26pid%3D54024%26serialization%3Dhessian2%26side%3Dprovider%26timestamp%3D1448013207624
	at org.apache.zookeeper.KeeperException.create(KeeperException.java:102)
	at org.apache.zookeeper.KeeperException.create(KeeperException.java:42)
	at org.apache.zookeeper.ZooKeeper.create(ZooKeeper.java:637)
	at org.I0Itec.zkclient.ZkConnection.create(ZkConnection.java:87)
	at org.I0Itec.zkclient.ZkClient$1.call(ZkClient.java:308)
	at org.I0Itec.zkclient.ZkClient$1.call(ZkClient.java:304)
	at org.I0Itec.zkclient.ZkClient.retryUntilConnected(ZkClient.java:675)
	... 63 more
2015-11-20 17:55:16 [ main:1535 ] - [ ERROR ] maxIdle is deprecated
2015-11-20 17:55:29 [ main:13816 ] - [ ERROR ]  [DUBBO] Failed to register dubbo://10.8.17.67:20880/com.mydemo.zookeeper.service.SingleZkNodeService?anyhost=true&application=zookeeper-dubbo-service&dubbo=2.5.3&interface=com.mydemo.zookeeper.service.SingleZkNodeService&methods=print&pid=7628&serialization=hessian2&side=provider&timestamp=1448013329124, waiting for retry, cause: Failed to register dubbo://10.8.17.67:20880/com.mydemo.zookeeper.service.SingleZkNodeService?anyhost=true&application=zookeeper-dubbo-service&dubbo=2.5.3&interface=com.mydemo.zookeeper.service.SingleZkNodeService&methods=print&pid=7628&serialization=hessian2&side=provider&timestamp=1448013329124 to zookeeper zookeeper://192.168.233.128:2181/com.alibaba.dubbo.registry.RegistryService?application=zookeeper-dubbo-service&backup=192.168.233.129:2181,192.168.233.130:2181&check=false&dubbo=2.5.3&interface=com.alibaba.dubbo.registry.RegistryService&pid=7628&timestamp=1448013318536, cause: org.apache.zookeeper.KeeperException$NoNodeException: KeeperErrorCode = NoNode for /dubbo/com.mydemo.zookeeper.service.SingleZkNodeService/providers/dubbo%3A%2F%2F10.8.17.67%3A20880%2Fcom.mydemo.zookeeper.service.SingleZkNodeService%3Fanyhost%3Dtrue%26application%3Dzookeeper-dubbo-service%26dubbo%3D2.5.3%26interface%3Dcom.mydemo.zookeeper.service.SingleZkNodeService%26methods%3Dprint%26pid%3D7628%26serialization%3Dhessian2%26side%3Dprovider%26timestamp%3D1448013329124, dubbo version: 2.5.3, current host: 127.0.0.1
com.alibaba.dubbo.rpc.RpcException: Failed to register dubbo://10.8.17.67:20880/com.mydemo.zookeeper.service.SingleZkNodeService?anyhost=true&application=zookeeper-dubbo-service&dubbo=2.5.3&interface=com.mydemo.zookeeper.service.SingleZkNodeService&methods=print&pid=7628&serialization=hessian2&side=provider&timestamp=1448013329124 to zookeeper zookeeper://192.168.233.128:2181/com.alibaba.dubbo.registry.RegistryService?application=zookeeper-dubbo-service&backup=192.168.233.129:2181,192.168.233.130:2181&check=false&dubbo=2.5.3&interface=com.alibaba.dubbo.registry.RegistryService&pid=7628&timestamp=1448013318536, cause: org.apache.zookeeper.KeeperException$NoNodeException: KeeperErrorCode = NoNode for /dubbo/com.mydemo.zookeeper.service.SingleZkNodeService/providers/dubbo%3A%2F%2F10.8.17.67%3A20880%2Fcom.mydemo.zookeeper.service.SingleZkNodeService%3Fanyhost%3Dtrue%26application%3Dzookeeper-dubbo-service%26dubbo%3D2.5.3%26interface%3Dcom.mydemo.zookeeper.service.SingleZkNodeService%26methods%3Dprint%26pid%3D7628%26serialization%3Dhessian2%26side%3Dprovider%26timestamp%3D1448013329124
	at com.alibaba.dubbo.registry.zookeeper.ZookeeperRegistry.doRegister(ZookeeperRegistry.java:102)
	at com.alibaba.dubbo.registry.support.FailbackRegistry.register(FailbackRegistry.java:130)
	at com.alibaba.dubbo.registry.integration.RegistryProtocol.export(RegistryProtocol.java:111)
	at com.alibaba.dubbo.rpc.protocol.ProtocolFilterWrapper.export(ProtocolFilterWrapper.java:53)
	at com.alibaba.dubbo.rpc.protocol.ProtocolListenerWrapper.export(ProtocolListenerWrapper.java:54)
	at com.alibaba.dubbo.rpc.Protocol$Adpative.export(Protocol$Adpative.java)
	at com.alibaba.dubbo.config.ServiceConfig.doExportUrlsFor1Protocol(ServiceConfig.java:485)
	at com.alibaba.dubbo.config.ServiceConfig.doExportUrls(ServiceConfig.java:281)
	at com.alibaba.dubbo.config.ServiceConfig.doExport(ServiceConfig.java:242)
	at com.alibaba.dubbo.config.ServiceConfig.export(ServiceConfig.java:143)
	at com.alibaba.dubbo.config.spring.ServiceBean.onApplicationEvent(ServiceBean.java:109)
	at org.springframework.context.event.SimpleApplicationEventMulticaster.multicastEvent(SimpleApplicationEventMulticaster.java:98)
	at org.springframework.context.support.AbstractApplicationContext.publishEvent(AbstractApplicationContext.java:333)
	at org.springframework.context.support.AbstractApplicationContext.finishRefresh(AbstractApplicationContext.java:776)
	at org.springframework.context.support.AbstractApplicationContext.refresh(AbstractApplicationContext.java:485)
	at org.springframework.web.context.ContextLoader.configureAndRefreshWebApplicationContext(ContextLoader.java:403)
	at org.springframework.web.context.ContextLoader.initWebApplicationContext(ContextLoader.java:306)
	at org.springframework.web.context.ContextLoaderListener.contextInitialized(ContextLoaderListener.java:106)
	at org.mortbay.jetty.handler.ContextHandler.startContext(ContextHandler.java:549)
	at org.mortbay.jetty.servlet.Context.startContext(Context.java:136)
	at org.mortbay.jetty.webapp.WebAppContext.startContext(WebAppContext.java:1282)
	at org.mortbay.jetty.handler.ContextHandler.doStart(ContextHandler.java:518)
	at org.mortbay.jetty.webapp.WebAppContext.doStart(WebAppContext.java:499)
	at org.mortbay.jetty.plugin.Jetty6PluginWebAppContext.doStart(Jetty6PluginWebAppContext.java:115)
	at org.mortbay.component.AbstractLifeCycle.start(AbstractLifeCycle.java:50)
	at org.mortbay.jetty.handler.HandlerCollection.doStart(HandlerCollection.java:152)
	at org.mortbay.jetty.handler.ContextHandlerCollection.doStart(ContextHandlerCollection.java:156)
	at org.mortbay.component.AbstractLifeCycle.start(AbstractLifeCycle.java:50)
	at org.mortbay.jetty.handler.HandlerCollection.doStart(HandlerCollection.java:152)
	at org.mortbay.component.AbstractLifeCycle.start(AbstractLifeCycle.java:50)
	at org.mortbay.jetty.handler.HandlerWrapper.doStart(HandlerWrapper.java:130)
	at org.mortbay.jetty.Server.doStart(Server.java:224)
	at org.mortbay.component.AbstractLifeCycle.start(AbstractLifeCycle.java:50)
	at org.mortbay.jetty.plugin.Jetty6PluginServer.start(Jetty6PluginServer.java:132)
	at org.mortbay.jetty.plugin.AbstractJettyMojo.startJetty(AbstractJettyMojo.java:454)
	at org.mortbay.jetty.plugin.AbstractJettyMojo.execute(AbstractJettyMojo.java:396)
	at org.mortbay.jetty.plugin.AbstractJettyRunMojo.execute(AbstractJettyRunMojo.java:210)
	at org.mortbay.jetty.plugin.Jetty6RunMojo.execute(Jetty6RunMojo.java:184)
	at org.apache.maven.plugin.DefaultBuildPluginManager.executeMojo(DefaultBuildPluginManager.java:101)
	at org.apache.maven.lifecycle.internal.MojoExecutor.execute(MojoExecutor.java:209)
	at org.apache.maven.lifecycle.internal.MojoExecutor.execute(MojoExecutor.java:153)
	at org.apache.maven.lifecycle.internal.MojoExecutor.execute(MojoExecutor.java:145)
	at org.apache.maven.lifecycle.internal.LifecycleModuleBuilder.buildProject(LifecycleModuleBuilder.java:84)
	at org.apache.maven.lifecycle.internal.LifecycleModuleBuilder.buildProject(LifecycleModuleBuilder.java:59)
	at org.apache.maven.lifecycle.internal.LifecycleStarter.singleThreadedBuild(LifecycleStarter.java:183)
	at org.apache.maven.lifecycle.internal.LifecycleStarter.execute(LifecycleStarter.java:161)
	at org.apache.maven.DefaultMaven.doExecute(DefaultMaven.java:320)
	at org.apache.maven.DefaultMaven.execute(DefaultMaven.java:156)
	at org.apache.maven.cli.MavenCli.execute(MavenCli.java:537)
	at org.apache.maven.cli.MavenCli.doMain(MavenCli.java:196)
	at org.apache.maven.cli.MavenCli.main(MavenCli.java:141)
	at sun.reflect.NativeMethodAccessorImpl.invoke0(Native Method)
	at sun.reflect.NativeMethodAccessorImpl.invoke(NativeMethodAccessorImpl.java:39)
	at sun.reflect.DelegatingMethodAccessorImpl.invoke(DelegatingMethodAccessorImpl.java:25)
	at java.lang.reflect.Method.invoke(Method.java:597)
	at org.codehaus.plexus.classworlds.launcher.Launcher.launchEnhanced(Launcher.java:290)
	at org.codehaus.plexus.classworlds.launcher.Launcher.launch(Launcher.java:230)
	at org.codehaus.plexus.classworlds.launcher.Launcher.mainWithExitCode(Launcher.java:409)
	at org.codehaus.plexus.classworlds.launcher.Launcher.main(Launcher.java:352)
Caused by: org.I0Itec.zkclient.exception.ZkNoNodeException: org.apache.zookeeper.KeeperException$NoNodeException: KeeperErrorCode = NoNode for /dubbo/com.mydemo.zookeeper.service.SingleZkNodeService/providers/dubbo%3A%2F%2F10.8.17.67%3A20880%2Fcom.mydemo.zookeeper.service.SingleZkNodeService%3Fanyhost%3Dtrue%26application%3Dzookeeper-dubbo-service%26dubbo%3D2.5.3%26interface%3Dcom.mydemo.zookeeper.service.SingleZkNodeService%26methods%3Dprint%26pid%3D7628%26serialization%3Dhessian2%26side%3Dprovider%26timestamp%3D1448013329124
	at org.I0Itec.zkclient.exception.ZkException.create(ZkException.java:47)
	at org.I0Itec.zkclient.ZkClient.retryUntilConnected(ZkClient.java:685)
	at org.I0Itec.zkclient.ZkClient.create(ZkClient.java:304)
	at org.I0Itec.zkclient.ZkClient.createEphemeral(ZkClient.java:279)
	at com.alibaba.dubbo.remoting.zookeeper.zkclient.ZkclientZookeeperClient.createEphemeral(ZkclientZookeeperClient.java:50)
	at com.alibaba.dubbo.remoting.zookeeper.support.AbstractZookeeperClient.create(AbstractZookeeperClient.java:42)
	at com.alibaba.dubbo.registry.zookeeper.ZookeeperRegistry.doRegister(ZookeeperRegistry.java:100)
	... 58 more
Caused by: org.apache.zookeeper.KeeperException$NoNodeException: KeeperErrorCode = NoNode for /dubbo/com.mydemo.zookeeper.service.SingleZkNodeService/providers/dubbo%3A%2F%2F10.8.17.67%3A20880%2Fcom.mydemo.zookeeper.service.SingleZkNodeService%3Fanyhost%3Dtrue%26application%3Dzookeeper-dubbo-service%26dubbo%3D2.5.3%26interface%3Dcom.mydemo.zookeeper.service.SingleZkNodeService%26methods%3Dprint%26pid%3D7628%26serialization%3Dhessian2%26side%3Dprovider%26timestamp%3D1448013329124
	at org.apache.zookeeper.KeeperException.create(KeeperException.java:102)
	at org.apache.zookeeper.KeeperException.create(KeeperException.java:42)
	at org.apache.zookeeper.ZooKeeper.create(ZooKeeper.java:637)
	at org.I0Itec.zkclient.ZkConnection.create(ZkConnection.java:87)
	at org.I0Itec.zkclient.ZkClient$1.call(ZkClient.java:308)
	at org.I0Itec.zkclient.ZkClient$1.call(ZkClient.java:304)
	at org.I0Itec.zkclient.ZkClient.retryUntilConnected(ZkClient.java:675)
	... 63 more
